#
# A fatal error has been detected by the Java Runtime Environment:
#
#  EXCEPTION_ACCESS_VIOLATION (0xc0000005) at pc=0x0000000071e27325, pid=4960, tid=6924
#
# JRE version: Java(TM) SE Runtime Environment (8.0-b132) (build 1.8.0-b132)
# Java VM: Java HotSpot(TM) 64-Bit Server VM (25.0-b70 mixed mode windows-amd64 compressed oops)
# Problematic frame:
# V  [jvm.dll+0x117325]
#
# Failed to write core dump. Minidumps are not enabled by default on client versions of Windows
#
# If you would like to submit a bug report, please visit:
#   http://bugreport.sun.com/bugreport/crash.jsp
#

---------------  T H R E A D  ---------------

Current thread (0x000000001726d800):  JavaThread "JDWP Transport Listener: dt_socket" daemon [_thread_in_vm, id=6924, stack(0x00000000181a0000,0x00000000182a0000)]

siginfo: ExceptionCode=0xc0000005, reading address 0xffffffffffffffff

Registers:
RAX=0x000000001829f301, RBX=0x000000001726d800, RCX=0x432f7477612f6176, RDX=0x0000000000000000
RSP=0x000000001829f2f0, RBP=0x432f7477612f6176, RSI=0x000000001829f408, RDI=0x0000000002a49920
R8 =0x000000001726d800, R9 =0x0000000000000000, R10=0x0000000000000000, R11=0x0000000000000064
R12=0x0000000000000000, R13=0x000000001727a118, R14=0x0000000000000000, R15=0x0000000000000000
RIP=0x0000000071e27325, EFLAGS=0x0000000000010202

Top of Stack: (sp=0x000000001829f2f0)
0x000000001829f2f0:   000000001726d800 000000001726d800
0x000000001829f300:   000000001829f3b8 000000007201a06b
0x000000001829f310:   000000001726d800 00000000720368cd
0x000000001829f320:   0000000000000000 0000000071c59149
0x000000001829f330:   0000000017226b68 0000000071c62912
0x000000001829f340:   000000001726d800 0000000000000000
0x000000001829f350:   0000000000000000 0000000000000000
0x000000001829f360:   432f7477612f6176 0000000071c61a09
0x000000001829f370:   000000001829f408 000000001829f3e0
0x000000001829f380:   0000000000000001 0000000017226b68
0x000000001829f390:   432f7477612f6176 0000000071c453b3
0x000000001829f3a0:   000000001829f4d0 0000000000000001
0x000000001829f3b0:   0000000000000001 0000000017226b68
0x000000001829f3c0:   0000000000000008 0000000000000000
0x000000001829f3d0:   0000000000000000 0000000000000000
0x000000001829f3e0:   0000000000000001 0000000071c45571 

Instructions: (pc=0x0000000071e27325)
0x0000000071e27305:   cc cc cc cc cc cc cc cc cc cc cc 48 83 ec 28 48
0x0000000071e27315:   85 c9 75 07 33 c0 48 83 c4 28 c3 48 89 5c 24 20
0x0000000071e27325:   48 8b 19 48 85 db 74 20 48 83 fb 37 74 1a 48 8b
0x0000000071e27335:   13 48 8b cb ff 52 08 84 c0 74 0d 48 8b c3 48 8b 


Register to memory mapping:

RAX=0x000000001829f301 is pointing into the stack for thread: 0x000000001726d800
RBX=0x000000001726d800 is a thread
RCX=0x432f7477612f6176 is an unknown value
RDX=0x0000000000000000 is an unknown value
RSP=0x000000001829f2f0 is pointing into the stack for thread: 0x000000001726d800
RBP=0x432f7477612f6176 is an unknown value
RSI=0x000000001829f408 is pointing into the stack for thread: 0x000000001726d800
RDI=0x0000000002a49920 is an unknown value
R8 =0x000000001726d800 is a thread
R9 =0x0000000000000000 is an unknown value
R10=0x0000000000000000 is an unknown value
R11=0x0000000000000064 is an unknown value
R12=0x0000000000000000 is an unknown value
R13=0x000000001727a118 is an unknown value
R14=0x0000000000000000 is an unknown value
R15=0x0000000000000000 is an unknown value


Stack: [0x00000000181a0000,0x00000000182a0000],  sp=0x000000001829f2f0,  free space=1020k
Native frames: (J=compiled Java code, j=interpreted, Vv=VM code, C=native code)
V  [jvm.dll+0x117325]
V  [jvm.dll+0x3268cd]
C  [jdwp.dll+0x21a09]
C  [jdwp.dll+0x53b3]
C  [jdwp.dll+0x5571]
C  [jdwp.dll+0xf09c]
C  [jdwp.dll+0x1f2c9]
C  [jdwp.dll+0x1f49e]
V  [jvm.dll+0x1a7148]
V  [jvm.dll+0x2232e4]
V  [jvm.dll+0x27baea]
C  [msvcr100.dll+0x21d9f]
C  [msvcr100.dll+0x21e3b]
C  [KERNEL32.DLL+0x12d92]
C  [ntdll.dll+0x9f64]


---------------  P R O C E S S  ---------------

Java Threads: ( => current thread )
  0x00000000172ed000 JavaThread "Service Thread" daemon [_thread_blocked, id=8664, stack(0x00000000186a0000,0x00000000187a0000)]
  0x0000000017293000 JavaThread "C1 CompilerThread1" daemon [_thread_blocked, id=4752, stack(0x00000000185a0000,0x00000000186a0000)]
  0x000000001728c800 JavaThread "C2 CompilerThread0" daemon [_thread_blocked, id=4432, stack(0x00000000184a0000,0x00000000185a0000)]
  0x0000000017288000 JavaThread "JDWP Command Reader" daemon [_thread_in_native, id=8668, stack(0x00000000183a0000,0x00000000184a0000)]
  0x000000001727c000 JavaThread "JDWP Event Helper Thread" daemon [_thread_blocked, id=6664, stack(0x00000000182a0000,0x00000000183a0000)]
=>0x000000001726d800 JavaThread "JDWP Transport Listener: dt_socket" daemon [_thread_in_vm, id=6924, stack(0x00000000181a0000,0x00000000182a0000)]
  0x0000000017269000 JavaThread "Attach Listener" daemon [_thread_blocked, id=7108, stack(0x00000000180a0000,0x00000000181a0000)]
  0x0000000017268000 JavaThread "Signal Dispatcher" daemon [_thread_blocked, id=2580, stack(0x0000000017fa0000,0x00000000180a0000)]
  0x0000000017224000 JavaThread "Finalizer" daemon [_thread_blocked, id=7356, stack(0x0000000017ea0000,0x0000000017fa0000)]
  0x0000000017221000 JavaThread "Reference Handler" daemon [_thread_blocked, id=6496, stack(0x0000000017da0000,0x0000000017ea0000)]
  0x0000000002a4e000 JavaThread "main" [_thread_blocked, id=8360, stack(0x00000000010b0000,0x00000000011b0000)]

Other Threads:
  0x000000001721b000 VMThread [stack: 0x0000000017ca0000,0x0000000017da0000] [id=3952]
  0x00000000172f0000 WatcherThread [stack: 0x00000000187a0000,0x00000000188a0000] [id=7524]

VM state:not at safepoint (normal execution)

VM Mutex/Monitor currently owned by a thread: None

Heap:
 PSYoungGen      total 1024K, used 491K [0x00000000d6f00000, 0x00000000d7080000, 0x0000000100000000)
  eden space 512K, 95% used [0x00000000d6f00000,0x00000000d6f7ad58,0x00000000d6f80000)
  from space 512K, 0% used [0x00000000d7000000,0x00000000d7000000,0x00000000d7080000)
  to   space 512K, 0% used [0x00000000d6f80000,0x00000000d6f80000,0x00000000d7000000)
 ParOldGen       total 125440K, used 0K [0x0000000084c00000, 0x000000008c680000, 0x00000000d6f00000)
  object space 125440K, 0% used [0x0000000084c00000,0x0000000084c00000,0x000000008c680000)
 Metaspace       used 2571K, capacity 4630K, committed 4864K, reserved 1056768K
  class space    used 268K, capacity 390K, committed 512K, reserved 1048576K

Card table byte_map: [0x0000000011f10000,0x00000000122f0000] byte_map_base: 0x0000000011aea000

Marking Bits: (ParMarkBitMap*) 0x00000000724c13b0
 Begin Bits: [0x0000000012790000, 0x0000000014660000)
 End Bits:   [0x0000000014660000, 0x0000000016530000)

Polling page: 0x0000000001080000

CodeCache: size=245760Kb used=1091Kb max_used=1098Kb free=244668Kb
 bounds [0x0000000002b50000, 0x0000000002dc0000, 0x0000000011b50000]
 total_blobs=241 nmethods=25 adapters=140
 compilation: enabled

Compilation events (10 events):
Event: 0.130 Thread 0x0000000017293000   20       3       java.lang.String::indexOf (7 bytes)
Event: 0.130 Thread 0x0000000017293000 nmethod 20 0x0000000002c5f250 code [0x0000000002c5f3c0, 0x0000000002c5f5e8]
Event: 0.131 Thread 0x000000001728c800   22       4       java.lang.String::charAt (29 bytes)
Event: 0.131 Thread 0x0000000017293000   23       3       java.lang.Character::toLowerCase (6 bytes)
Event: 0.131 Thread 0x0000000017293000 nmethod 23 0x0000000002c5f690 code [0x0000000002c5f800, 0x0000000002c5fa98]
Event: 0.131 Thread 0x000000001728c800 nmethod 22 0x0000000002c62890 code [0x0000000002c629e0, 0x0000000002c62ab8]
Event: 0.139 Thread 0x0000000017293000   24       1       java.io.File::getPath (5 bytes)
Event: 0.139 Thread 0x0000000017293000 nmethod 24 0x0000000002c61b90 code [0x0000000002c61ce0, 0x0000000002c61df0]
Event: 0.140 Thread 0x0000000017293000   25       3       java.lang.System::getSecurityManager (4 bytes)
Event: 0.140 Thread 0x0000000017293000 nmethod 25 0x0000000002c61890 code [0x0000000002c619e0, 0x0000000002c61b10]

GC Heap History (0 events):
No events

Deoptimization events (0 events):
No events

Internal exceptions (3 events):
Event: 0.031 Thread 0x0000000002a4e000 Exception <a 'java/lang/NoSuchMethodError': Method sun.misc.Unsafe.defineClass(Ljava/lang/String;[BII)Ljava/lang/Class; name or signature does not match> (0x00000000d6f0f6f0) thrown at [D:\re\workspace\8-2-build-windows-amd64-cygwin\jdk8\2238\hotspot\src\sË6ã¦G²Ÿ?
Event: 0.031 Thread 0x0000000002a4e000 Exception <a 'java/lang/NoSuchMethodError': Method sun.misc.Unsafe.prefetchRead(Ljava/lang/Object;J)V name or signature does not match> (0x00000000d6f0f998) thrown at [D:\re\workspace\8-2-build-windows-amd64-cygwin\jdk8\2238\hotspot\src\share\vm\prims\jni.£3oçàÀ?
Event: 0.132 Thread 0x0000000002a4e000 Exception <a 'java/security/PrivilegedActionException'> (0x00000000d6f71c50) thrown at [D:\re\workspace\8-2-build-windows-amd64-cygwin\jdk8\2238\hotspot\src\share\vm\prims\jvm.cpp, line 1248]

Events (10 events):
Event: 1897.209 Executing VM operation: ChangeBreakpoints
Event: 1897.209 Executing VM operation: ChangeBreakpoints done
Event: 2647.603 Executing VM operation: ChangeBreakpoints
Event: 2647.603 Executing VM operation: ChangeBreakpoints done
Event: 2647.604 Executing VM operation: ChangeBreakpoints
Event: 2647.604 Executing VM operation: ChangeBreakpoints done
Event: 3942.589 Executing VM operation: ChangeBreakpoints
Event: 3942.590 Executing VM operation: ChangeBreakpoints done
Event: 3942.611 Executing VM operation: RedefineClasses
Event: 3942.613 Executing VM operation: RedefineClasses done


Dynamic libraries:
0x00007ff6b8050000 - 0x00007ff6b8084000 	C:\Program Files\Java\jdk1.8.0\bin\java.exe
0x00007ffa7ca80000 - 0x00007ffa7cc41000 	C:\WINDOWS\SYSTEM32\ntdll.dll
0x00007ffa7c8a0000 - 0x00007ffa7c94d000 	C:\WINDOWS\system32\KERNEL32.DLL
0x00007ffa79da0000 - 0x00007ffa79f7d000 	C:\WINDOWS\system32\KERNELBASE.dll
0x00007ffa7a630000 - 0x00007ffa7a6d6000 	C:\WINDOWS\system32\ADVAPI32.dll
0x00007ffa7a850000 - 0x00007ffa7a8ed000 	C:\WINDOWS\system32\msvcrt.dll
0x00007ffa7aee0000 - 0x00007ffa7af3b000 	C:\WINDOWS\system32\sechost.dll
0x00007ffa7c5e0000 - 0x00007ffa7c706000 	C:\WINDOWS\system32\RPCRT4.dll
0x00007ffa7af60000 - 0x00007ffa7b0ae000 	C:\WINDOWS\system32\USER32.dll
0x00007ffa7c710000 - 0x00007ffa7c896000 	C:\WINDOWS\system32\GDI32.dll
0x00007ffa6d840000 - 0x00007ffa6dab4000 	C:\WINDOWS\WinSxS\amd64_microsoft.windows.common-controls_6595b64144ccf1df_6.0.10240.16384_none_f41f7b285750ef43\COMCTL32.dll
0x00007ffa7ca30000 - 0x00007ffa7ca66000 	C:\WINDOWS\system32\IMM32.DLL
0x00007ffa7a950000 - 0x00007ffa7aaac000 	C:\WINDOWS\system32\MSCTF.dll
0x0000000072540000 - 0x0000000072612000 	C:\Program Files\Java\jdk1.8.0\jre\bin\msvcr100.dll
0x0000000071d10000 - 0x000000007253a000 	C:\Program Files\Java\jdk1.8.0\jre\bin\server\jvm.dll
0x00007ffa7ca70000 - 0x00007ffa7ca78000 	C:\WINDOWS\system32\PSAPI.DLL
0x00007ffa729d0000 - 0x00007ffa729d9000 	C:\WINDOWS\SYSTEM32\WSOCK32.dll
0x00007ffa7a1b0000 - 0x00007ffa7a219000 	C:\WINDOWS\system32\WS2_32.dll
0x00007ffa7a830000 - 0x00007ffa7a838000 	C:\WINDOWS\system32\NSI.dll
0x00007ffa6a590000 - 0x00007ffa6a5b3000 	C:\WINDOWS\SYSTEM32\WINMM.dll
0x00007ffa6a560000 - 0x00007ffa6a58c000 	C:\WINDOWS\SYSTEM32\WINMMBASE.dll
0x00007ffa795b0000 - 0x00007ffa795f4000 	C:\WINDOWS\system32\cfgmgr32.dll
0x00007ffa780e0000 - 0x00007ffa78107000 	C:\WINDOWS\SYSTEM32\DEVOBJ.dll
0x0000000072bc0000 - 0x0000000072bcf000 	C:\Program Files\Java\jdk1.8.0\jre\bin\verify.dll
0x0000000071ce0000 - 0x0000000071d08000 	C:\Program Files\Java\jdk1.8.0\jre\bin\java.dll
0x0000000071c40000 - 0x0000000071c75000 	C:\Program Files\Java\jdk1.8.0\jre\bin\jdwp.dll
0x0000000071c30000 - 0x0000000071c38000 	C:\Program Files\Java\jdk1.8.0\jre\bin\npt.dll
0x0000000071cc0000 - 0x0000000071cd6000 	C:\Program Files\Java\jdk1.8.0\jre\bin\zip.dll
0x00007ffa7b0b0000 - 0x00007ffa7c5d2000 	C:\WINDOWS\system32\SHELL32.dll
0x00007ffa796c0000 - 0x00007ffa79ce9000 	C:\WINDOWS\system32\windows.storage.dll
0x00007ffa7ac60000 - 0x00007ffa7aedc000 	C:\WINDOWS\system32\combase.dll
0x00007ffa7a150000 - 0x00007ffa7a1a1000 	C:\WINDOWS\system32\shlwapi.dll
0x00007ffa79540000 - 0x00007ffa7954f000 	C:\WINDOWS\system32\kernel.appcore.dll
0x00007ffa79600000 - 0x00007ffa796b3000 	C:\WINDOWS\system32\shcore.dll
0x00007ffa794b0000 - 0x00007ffa794fa000 	C:\WINDOWS\system32\powrprof.dll
0x00007ffa79500000 - 0x00007ffa79513000 	C:\WINDOWS\system32\profapi.dll
0x0000000071c10000 - 0x0000000071c19000 	C:\Program Files\Java\jdk1.8.0\jre\bin\dt_socket.dll
0x00007ffa78cc0000 - 0x00007ffa78d1d000 	C:\WINDOWS\system32\mswsock.dll
0x00007ffa76a20000 - 0x00007ffa76baa000 	C:\WINDOWS\SYSTEM32\dbghelp.dll

VM Arguments:
jvm_args: -agentlib:jdwp=transport=dt_socket,address=127.0.0.1:59828,suspend=y,server=n -Dfile.encoding=windows-1252 
java_command: data.Main
java_class_path (initial): C:\Users\VOID\AndroidStudioProjects\NotifaicationIconGenerator\bin;C:\Program Files\Java\jdk1.8.0\jre\lib\charsets.jar;C:\Program Files\Java\jdk1.8.0\jre\lib\deploy.jar;C:\Program Files\Java\jdk1.8.0\jre\lib\javaws.jar;C:\Program Files\Java\jdk1.8.0\jre\lib\jce.jar;C:\Program Files\Java\jdk1.8.0\jre\lib\jfr.jar;C:\Program Files\Java\jdk1.8.0\jre\lib\jfxswt.jar;C:\Program Files\Java\jdk1.8.0\jre\lib\jsse.jar;C:\Program Files\Java\jdk1.8.0\jre\lib\management-agent.jar;C:\Program Files\Java\jdk1.8.0\jre\lib\plugin.jar;C:\Program Files\Java\jdk1.8.0\jre\lib\resources.jar;C:\Program Files\Java\jdk1.8.0\jre\lib\rt.jar;C:\Program Files\Java\jdk1.8.0\jre\lib\ext\access-bridge-64.jar;C:\Program Files\Java\jdk1.8.0\jre\lib\ext\cldrdata.jar;C:\Program Files\Java\jdk1.8.0\jre\lib\ext\dnsns.jar;C:\Program Files\Java\jdk1.8.0\jre\lib\ext\jaccess.jar;C:\Program Files\Java\jdk1.8.0\jre\lib\ext\jfxrt.jar;C:\Program Files\Java\jdk1.8.0\jre\lib\ext\localedata.jar;C:\Program Files\Java\jdk1.8.0\jre\lib\ext\nashorn.jar;C:\Program Files\Java\jdk1.8.0\jre\lib\ext\sunec.jar;C:\Program Files\Java\jdk1.8.0\jre\lib\ext\sunjce_provider.jar;C:\Program Files\Java\jdk1.8.0\jre\lib\ext\sunmscapi.jar;C:\Program Files\Java\jdk1.8.0\jre\lib\ext\sunpkcs11.jar;C:\Program Files\Java\jdk1.8.0\jre\lib\ext\zipfs.jar;C:\Program Files (x86)\JetBrains\IntelliJ IDEA Community Edition 14.1.4\lib\idea_rt.jar
Launcher Type: SUN_STANDARD

Environment Variables:
JAVA_HOME=C:\Program Files\Java\jdk1.8.0
PATH=C:\WINDOWS\system32;C:\WINDOWS;C:\WINDOWS\System32\Wbem;C:\WINDOWS\System32\WindowsPowerShell\v1.0\;C:\Program Files (x86)\Windows Live\Shared;C:\Program Files\TortoiseGit\bin;C:\Program Files\Apache Software Foundation\apache-maven-3.2.1\bin;C:\Program Files\Java\jdk1.8.0;C:\Program Files (x86)\Skype\Phone\
USERNAME=VOID
OS=Windows_NT
PROCESSOR_IDENTIFIER=Intel64 Family 6 Model 58 Stepping 9, GenuineIntel



---------------  S Y S T E M  ---------------

OS: Windows 8.1 , 64 bit Build 9600 

CPU:total 2 (2 cores per cpu, 1 threads per core) family 6 model 58 stepping 9, cmov, cx8, fxsr, mmx, sse, sse2, sse3, ssse3, sse4.1, sse4.2, popcnt, clmul, erms, tsc, tscinvbit

Memory: 4k page, physical 8069820k(2220272k free), swap 11053272k(2113656k free)

vm_info: Java HotSpot(TM) 64-Bit Server VM (25.0-b70) for windows-amd64 JRE (1.8.0-b132), built on Mar  4 2014 03:46:18 by "java_re" with MS VC++ 10.0 (VS2010)

time: Sat Aug 15 12:54:53 2015
elapsed time: 3943 seconds

