#
# A fatal error has been detected by the Java Runtime Environment:
#
#  EXCEPTION_ACCESS_VIOLATION (0xc0000005) at pc=0x0000000071e27325, pid=6492, tid=6792
#
# JRE version: Java(TM) SE Runtime Environment (8.0-b132) (build 1.8.0-b132)
# Java VM: Java HotSpot(TM) 64-Bit Server VM (25.0-b70 mixed mode windows-amd64 compressed oops)
# Problematic frame:
# V  [jvm.dll+0x117325]
#
# Failed to write core dump. Minidumps are not enabled by default on client versions of Windows
#
# If you would like to submit a bug report, please visit:
#   http://bugreport.sun.com/bugreport/crash.jsp
#

---------------  T H R E A D  ---------------

Current thread (0x0000000017600800):  JavaThread "JDWP Transport Listener: dt_socket" daemon [_thread_in_vm, id=6792, stack(0x0000000018530000,0x0000000018630000)]

siginfo: ExceptionCode=0xc0000005, reading address 0xffffffffffffffff

Registers:
RAX=0x000000001862f501, RBX=0x0000000017600800, RCX=0x432f7477612f6176, RDX=0x0000000000000000
RSP=0x000000001862f590, RBP=0x432f7477612f6176, RSI=0x000000001862f6a8, RDI=0x0000000002dd9920
R8 =0x0000000017600800, R9 =0x0000000000000000, R10=0x0000000000000000, R11=0x0000000000000064
R12=0x0000000000000000, R13=0x000000001760a188, R14=0x0000000000000000, R15=0x0000000000000000
RIP=0x0000000071e27325, EFLAGS=0x0000000000010202

Top of Stack: (sp=0x000000001862f590)
0x000000001862f590:   0000000017600800 0000000017600800
0x000000001862f5a0:   000000001862f658 000000007201a06b
0x000000001862f5b0:   0000000017600800 00000000720368cd
0x000000001862f5c0:   0000000000000000 0000000071c59149
0x000000001862f5d0:   00000000175bc988 0000000071c62912
0x000000001862f5e0:   0000000017600800 0000000000000000
0x000000001862f5f0:   0000000000000000 0000000000000000
0x000000001862f600:   432f7477612f6176 0000000071c61a09
0x000000001862f610:   000000001862f6a8 000000001862f680
0x000000001862f620:   0000000000000001 00000000175bc988
0x000000001862f630:   432f7477612f6176 0000000071c453b3
0x000000001862f640:   000000001862f770 0000000000000001
0x000000001862f650:   0000000000000001 00000000175bc988
0x000000001862f660:   0000000000000008 0000000000000000
0x000000001862f670:   0000000000000000 0000000000000000
0x000000001862f680:   0000000000000001 0000000071c45571 

Instructions: (pc=0x0000000071e27325)
0x0000000071e27305:   cc cc cc cc cc cc cc cc cc cc cc 48 83 ec 28 48
0x0000000071e27315:   85 c9 75 07 33 c0 48 83 c4 28 c3 48 89 5c 24 20
0x0000000071e27325:   48 8b 19 48 85 db 74 20 48 83 fb 37 74 1a 48 8b
0x0000000071e27335:   13 48 8b cb ff 52 08 84 c0 74 0d 48 8b c3 48 8b 


Register to memory mapping:

RAX=0x000000001862f501 is pointing into the stack for thread: 0x0000000017600800
RBX=0x0000000017600800 is a thread
RCX=0x432f7477612f6176 is an unknown value
RDX=0x0000000000000000 is an unknown value
RSP=0x000000001862f590 is pointing into the stack for thread: 0x0000000017600800
RBP=0x432f7477612f6176 is an unknown value
RSI=0x000000001862f6a8 is pointing into the stack for thread: 0x0000000017600800
RDI=0x0000000002dd9920 is an unknown value
R8 =0x0000000017600800 is a thread
R9 =0x0000000000000000 is an unknown value
R10=0x0000000000000000 is an unknown value
R11=0x0000000000000064 is an unknown value
R12=0x0000000000000000 is an unknown value
R13=0x000000001760a188 is an unknown value
R14=0x0000000000000000 is an unknown value
R15=0x0000000000000000 is an unknown value


Stack: [0x0000000018530000,0x0000000018630000],  sp=0x000000001862f590,  free space=1021k
Native frames: (J=compiled Java code, j=interpreted, Vv=VM code, C=native code)
V  [jvm.dll+0x117325]
V  [jvm.dll+0x3268cd]
C  [jdwp.dll+0x21a09]
C  [jdwp.dll+0x53b3]
C  [jdwp.dll+0x5571]
C  [jdwp.dll+0xf09c]
C  [jdwp.dll+0x1f2c9]
C  [jdwp.dll+0x1f49e]
V  [jvm.dll+0x1a7148]
V  [jvm.dll+0x2232e4]
V  [jvm.dll+0x27baea]
C  [msvcr100.dll+0x21d9f]
C  [msvcr100.dll+0x21e3b]
C  [KERNEL32.DLL+0x12d92]
C  [ntdll.dll+0x9f64]


---------------  P R O C E S S  ---------------

Java Threads: ( => current thread )
  0x000000001767e000 JavaThread "Service Thread" daemon [_thread_blocked, id=9152, stack(0x0000000018a30000,0x0000000018b30000)]
  0x0000000017624000 JavaThread "C1 CompilerThread1" daemon [_thread_blocked, id=4292, stack(0x0000000018930000,0x0000000018a30000)]
  0x000000001762a800 JavaThread "C2 CompilerThread0" daemon [_thread_blocked, id=1088, stack(0x0000000018830000,0x0000000018930000)]
  0x000000001760d800 JavaThread "JDWP Command Reader" daemon [_thread_in_native, id=4620, stack(0x0000000018730000,0x0000000018830000)]
  0x000000001760c000 JavaThread "JDWP Event Helper Thread" daemon [_thread_blocked, id=8040, stack(0x0000000018630000,0x0000000018730000)]
=>0x0000000017600800 JavaThread "JDWP Transport Listener: dt_socket" daemon [_thread_in_vm, id=6792, stack(0x0000000018530000,0x0000000018630000)]
  0x00000000175f9000 JavaThread "Attach Listener" daemon [_thread_blocked, id=3428, stack(0x0000000018430000,0x0000000018530000)]
  0x00000000175f8000 JavaThread "Signal Dispatcher" daemon [_thread_blocked, id=2988, stack(0x0000000018330000,0x0000000018430000)]
  0x00000000175ba000 JavaThread "Finalizer" daemon [_thread_blocked, id=5976, stack(0x0000000018230000,0x0000000018330000)]
  0x00000000175b1000 JavaThread "Reference Handler" daemon [_thread_blocked, id=4332, stack(0x0000000018130000,0x0000000018230000)]
  0x0000000002dde000 JavaThread "main" [_thread_blocked, id=8412, stack(0x0000000002c50000,0x0000000002d50000)]

Other Threads:
  0x00000000175ab000 VMThread [stack: 0x0000000018030000,0x0000000018130000] [id=4984]
  0x0000000017680800 WatcherThread [stack: 0x0000000018b30000,0x0000000018c30000] [id=4712]

VM state:not at safepoint (normal execution)

VM Mutex/Monitor currently owned by a thread: None

Heap:
 PSYoungGen      total 1024K, used 491K [0x00000000d6f00000, 0x00000000d7080000, 0x0000000100000000)
  eden space 512K, 95% used [0x00000000d6f00000,0x00000000d6f7ad58,0x00000000d6f80000)
  from space 512K, 0% used [0x00000000d7000000,0x00000000d7000000,0x00000000d7080000)
  to   space 512K, 0% used [0x00000000d6f80000,0x00000000d6f80000,0x00000000d7000000)
 ParOldGen       total 125440K, used 0K [0x0000000084c00000, 0x000000008c680000, 0x00000000d6f00000)
  object space 125440K, 0% used [0x0000000084c00000,0x0000000084c00000,0x000000008c680000)
 Metaspace       used 2580K, capacity 4630K, committed 4864K, reserved 1056768K
  class space    used 269K, capacity 390K, committed 512K, reserved 1048576K

Card table byte_map: [0x00000000122a0000,0x0000000012680000] byte_map_base: 0x0000000011e7a000

Marking Bits: (ParMarkBitMap*) 0x00000000724c13b0
 Begin Bits: [0x0000000012b20000, 0x00000000149f0000)
 End Bits:   [0x00000000149f0000, 0x00000000168c0000)

Polling page: 0x00000000010a0000

CodeCache: size=245760Kb used=1091Kb max_used=1097Kb free=244668Kb
 bounds [0x0000000002ee0000, 0x0000000003150000, 0x0000000011ee0000]
 total_blobs=241 nmethods=25 adapters=140
 compilation: enabled

Compilation events (10 events):
Event: 0.151 Thread 0x0000000017624000   21       3       java.lang.String::indexOf (70 bytes)
Event: 0.151 Thread 0x0000000017624000 nmethod 21 0x0000000002fef010 code [0x0000000002fef1a0, 0x0000000002fef548]
Event: 0.152 Thread 0x000000001762a800   22       4       java.lang.String::charAt (29 bytes)
Event: 0.153 Thread 0x000000001762a800 nmethod 22 0x0000000002ff2350 code [0x0000000002ff24a0, 0x0000000002ff2578]
Event: 0.153 Thread 0x0000000017624000   23       3       java.lang.Character::toLowerCase (6 bytes)
Event: 0.153 Thread 0x0000000017624000 nmethod 23 0x0000000002ff1e10 code [0x0000000002ff1f80, 0x0000000002ff2218]
Event: 0.162 Thread 0x0000000017624000   24       1       java.io.File::getPath (5 bytes)
Event: 0.162 Thread 0x0000000017624000 nmethod 24 0x0000000002ff1110 code [0x0000000002ff1260, 0x0000000002ff1370]
Event: 0.164 Thread 0x0000000017624000   25       3       java.lang.System::getSecurityManager (4 bytes)
Event: 0.164 Thread 0x0000000017624000 nmethod 25 0x0000000002ff0e10 code [0x0000000002ff0f60, 0x0000000002ff1090]

GC Heap History (0 events):
No events

Deoptimization events (0 events):
No events

Internal exceptions (3 events):
Event: 0.038 Thread 0x0000000002dde000 Exception <a 'java/lang/NoSuchMethodError': Method sun.misc.Unsafe.defineClass(Ljava/lang/String;[BII)Ljava/lang/Class; name or signature does not match> (0x00000000d6f0f6f0) thrown at [D:\re\workspace\8-2-build-windows-amd64-cygwin\jdk8\2238\hotspot\src\s…Æô¨o£?
Event: 0.038 Thread 0x0000000002dde000 Exception <a 'java/lang/NoSuchMethodError': Method sun.misc.Unsafe.prefetchRead(Ljava/lang/Object;J)V name or signature does not match> (0x00000000d6f0f998) thrown at [D:\re\workspace\8-2-build-windows-amd64-cygwin\jdk8\2238\hotspot\src\share\vm\prims\jni.KD±›°Ã?
Event: 0.154 Thread 0x0000000002dde000 Exception <a 'java/security/PrivilegedActionException'> (0x00000000d6f71c50) thrown at [D:\re\workspace\8-2-build-windows-amd64-cygwin\jdk8\2238\hotspot\src\share\vm\prims\jvm.cpp, line 1248]

Events (10 events):
Event: 1961.370 Executing VM operation: GetOrSetLocal
Event: 1961.370 Executing VM operation: GetOrSetLocal done
Event: 2711.665 Executing VM operation: ChangeBreakpoints
Event: 2711.665 Executing VM operation: ChangeBreakpoints done
Event: 2711.666 Executing VM operation: ChangeBreakpoints
Event: 2711.666 Executing VM operation: ChangeBreakpoints done
Event: 4008.890 Executing VM operation: ChangeBreakpoints
Event: 4008.891 Executing VM operation: ChangeBreakpoints done
Event: 4008.895 Executing VM operation: RedefineClasses
Event: 4008.896 Executing VM operation: RedefineClasses done


Dynamic libraries:
0x00007ff6b8050000 - 0x00007ff6b8084000 	C:\Program Files\Java\jdk1.8.0\bin\java.exe
0x00007ffa7ca80000 - 0x00007ffa7cc41000 	C:\WINDOWS\SYSTEM32\ntdll.dll
0x00007ffa7c8a0000 - 0x00007ffa7c94d000 	C:\WINDOWS\system32\KERNEL32.DLL
0x00007ffa79da0000 - 0x00007ffa79f7d000 	C:\WINDOWS\system32\KERNELBASE.dll
0x00007ffa7a630000 - 0x00007ffa7a6d6000 	C:\WINDOWS\system32\ADVAPI32.dll
0x00007ffa7a850000 - 0x00007ffa7a8ed000 	C:\WINDOWS\system32\msvcrt.dll
0x00007ffa7aee0000 - 0x00007ffa7af3b000 	C:\WINDOWS\system32\sechost.dll
0x00007ffa7c5e0000 - 0x00007ffa7c706000 	C:\WINDOWS\system32\RPCRT4.dll
0x00007ffa7af60000 - 0x00007ffa7b0ae000 	C:\WINDOWS\system32\USER32.dll
0x00007ffa7c710000 - 0x00007ffa7c896000 	C:\WINDOWS\system32\GDI32.dll
0x00007ffa6d840000 - 0x00007ffa6dab4000 	C:\WINDOWS\WinSxS\amd64_microsoft.windows.common-controls_6595b64144ccf1df_6.0.10240.16384_none_f41f7b285750ef43\COMCTL32.dll
0x00007ffa7ca30000 - 0x00007ffa7ca66000 	C:\WINDOWS\system32\IMM32.DLL
0x00007ffa7a950000 - 0x00007ffa7aaac000 	C:\WINDOWS\system32\MSCTF.dll
0x0000000072540000 - 0x0000000072612000 	C:\Program Files\Java\jdk1.8.0\jre\bin\msvcr100.dll
0x0000000071d10000 - 0x000000007253a000 	C:\Program Files\Java\jdk1.8.0\jre\bin\server\jvm.dll
0x00007ffa7ca70000 - 0x00007ffa7ca78000 	C:\WINDOWS\system32\PSAPI.DLL
0x00007ffa729d0000 - 0x00007ffa729d9000 	C:\WINDOWS\SYSTEM32\WSOCK32.dll
0x00007ffa7a1b0000 - 0x00007ffa7a219000 	C:\WINDOWS\system32\WS2_32.dll
0x00007ffa7a830000 - 0x00007ffa7a838000 	C:\WINDOWS\system32\NSI.dll
0x00007ffa6a590000 - 0x00007ffa6a5b3000 	C:\WINDOWS\SYSTEM32\WINMM.dll
0x00007ffa6a560000 - 0x00007ffa6a58c000 	C:\WINDOWS\SYSTEM32\WINMMBASE.dll
0x00007ffa795b0000 - 0x00007ffa795f4000 	C:\WINDOWS\system32\cfgmgr32.dll
0x00007ffa780e0000 - 0x00007ffa78107000 	C:\WINDOWS\SYSTEM32\DEVOBJ.dll
0x0000000072bc0000 - 0x0000000072bcf000 	C:\Program Files\Java\jdk1.8.0\jre\bin\verify.dll
0x0000000071ce0000 - 0x0000000071d08000 	C:\Program Files\Java\jdk1.8.0\jre\bin\java.dll
0x0000000071c40000 - 0x0000000071c75000 	C:\Program Files\Java\jdk1.8.0\jre\bin\jdwp.dll
0x0000000071c30000 - 0x0000000071c38000 	C:\Program Files\Java\jdk1.8.0\jre\bin\npt.dll
0x0000000071cc0000 - 0x0000000071cd6000 	C:\Program Files\Java\jdk1.8.0\jre\bin\zip.dll
0x00007ffa7b0b0000 - 0x00007ffa7c5d2000 	C:\WINDOWS\system32\SHELL32.dll
0x00007ffa796c0000 - 0x00007ffa79ce9000 	C:\WINDOWS\system32\windows.storage.dll
0x00007ffa7ac60000 - 0x00007ffa7aedc000 	C:\WINDOWS\system32\combase.dll
0x00007ffa7a150000 - 0x00007ffa7a1a1000 	C:\WINDOWS\system32\shlwapi.dll
0x00007ffa79540000 - 0x00007ffa7954f000 	C:\WINDOWS\system32\kernel.appcore.dll
0x00007ffa79600000 - 0x00007ffa796b3000 	C:\WINDOWS\system32\shcore.dll
0x00007ffa794b0000 - 0x00007ffa794fa000 	C:\WINDOWS\system32\powrprof.dll
0x00007ffa79500000 - 0x00007ffa79513000 	C:\WINDOWS\system32\profapi.dll
0x0000000071c10000 - 0x0000000071c19000 	C:\Program Files\Java\jdk1.8.0\jre\bin\dt_socket.dll
0x00007ffa78cc0000 - 0x00007ffa78d1d000 	C:\WINDOWS\system32\mswsock.dll
0x00007ffa76a20000 - 0x00007ffa76baa000 	C:\WINDOWS\SYSTEM32\dbghelp.dll

VM Arguments:
jvm_args: -agentlib:jdwp=transport=dt_socket,address=127.0.0.1:59585,suspend=y,server=n -Dfile.encoding=windows-1252 
java_command: data.Main
java_class_path (initial): C:\Users\VOID\AndroidStudioProjects\NotifaicationIconGenerator\bin;C:\Program Files\Java\jdk1.8.0\jre\lib\charsets.jar;C:\Program Files\Java\jdk1.8.0\jre\lib\deploy.jar;C:\Program Files\Java\jdk1.8.0\jre\lib\javaws.jar;C:\Program Files\Java\jdk1.8.0\jre\lib\jce.jar;C:\Program Files\Java\jdk1.8.0\jre\lib\jfr.jar;C:\Program Files\Java\jdk1.8.0\jre\lib\jfxswt.jar;C:\Program Files\Java\jdk1.8.0\jre\lib\jsse.jar;C:\Program Files\Java\jdk1.8.0\jre\lib\management-agent.jar;C:\Program Files\Java\jdk1.8.0\jre\lib\plugin.jar;C:\Program Files\Java\jdk1.8.0\jre\lib\resources.jar;C:\Program Files\Java\jdk1.8.0\jre\lib\rt.jar;C:\Program Files\Java\jdk1.8.0\jre\lib\ext\access-bridge-64.jar;C:\Program Files\Java\jdk1.8.0\jre\lib\ext\cldrdata.jar;C:\Program Files\Java\jdk1.8.0\jre\lib\ext\dnsns.jar;C:\Program Files\Java\jdk1.8.0\jre\lib\ext\jaccess.jar;C:\Program Files\Java\jdk1.8.0\jre\lib\ext\jfxrt.jar;C:\Program Files\Java\jdk1.8.0\jre\lib\ext\localedata.jar;C:\Program Files\Java\jdk1.8.0\jre\lib\ext\nashorn.jar;C:\Program Files\Java\jdk1.8.0\jre\lib\ext\sunec.jar;C:\Program Files\Java\jdk1.8.0\jre\lib\ext\sunjce_provider.jar;C:\Program Files\Java\jdk1.8.0\jre\lib\ext\sunmscapi.jar;C:\Program Files\Java\jdk1.8.0\jre\lib\ext\sunpkcs11.jar;C:\Program Files\Java\jdk1.8.0\jre\lib\ext\zipfs.jar;C:\Program Files (x86)\JetBrains\IntelliJ IDEA Community Edition 14.1.4\lib\idea_rt.jar
Launcher Type: SUN_STANDARD

Environment Variables:
JAVA_HOME=C:\Program Files\Java\jdk1.8.0
PATH=C:\WINDOWS\system32;C:\WINDOWS;C:\WINDOWS\System32\Wbem;C:\WINDOWS\System32\WindowsPowerShell\v1.0\;C:\Program Files (x86)\Windows Live\Shared;C:\Program Files\TortoiseGit\bin;C:\Program Files\Apache Software Foundation\apache-maven-3.2.1\bin;C:\Program Files\Java\jdk1.8.0;C:\Program Files (x86)\Skype\Phone\
USERNAME=VOID
OS=Windows_NT
PROCESSOR_IDENTIFIER=Intel64 Family 6 Model 58 Stepping 9, GenuineIntel



---------------  S Y S T E M  ---------------

OS: Windows 8.1 , 64 bit Build 9600 

CPU:total 2 (2 cores per cpu, 1 threads per core) family 6 model 58 stepping 9, cmov, cx8, fxsr, mmx, sse, sse2, sse3, ssse3, sse4.1, sse4.2, popcnt, clmul, erms, tsc, tscinvbit

Memory: 4k page, physical 8069820k(2165048k free), swap 11053272k(2284724k free)

vm_info: Java HotSpot(TM) 64-Bit Server VM (25.0-b70) for windows-amd64 JRE (1.8.0-b132), built on Mar  4 2014 03:46:18 by "java_re" with MS VC++ 10.0 (VS2010)

time: Sat Aug 15 12:54:54 2015
elapsed time: 4008 seconds

